<?xml version="1.0" encoding="utf-8"?><testsuites><testsuite name="pytest" errors="0" failures="0" skipped="0" tests="6" time="0.037" timestamp="2022-09-01T18:18:27.535493" hostname="bernardo"><testcase classname="tests.test_bytebank.TestClass" name="test_quando_idade_recebe_06_03_1980_retorna_42" time="0.001" /><testcase classname="tests.test_bytebank.TestClass" name="test_qaundo_sobrenome_recebe_Lucas_Carvalho_deve_retornar_Carvalho" time="0.000" /><testcase classname="tests.test_bytebank.TestClass" name="test_decrescimo_salario_recebe_100000_deve_retornar_90000" time="0.000" /><testcase classname="tests.test_bytebank.TestClass" name="test_quando_calcular_bonus_recebe_1000_deve_retornar_100" time="0.000" /><testcase classname="tests.test_bytebank.TestClass" name="test_quando_calcular_bonus_recebe_1000000000_deve_retornar_exception" time="0.000" /><testcase classname="tests.test_bytebank.TestClass" name="test_retorno_str" time="0.001" /></testsuite></testsuites>